<?xml version="1.0" encoding="UTF-8"?>
<!-- Generated by org.testng.reporters.JUnitReportReporter -->
<testsuite hostname="Debopriyos-MacBook-Air.local" failures="0" tests="1" name="com.ecommerce.testcases.ProductsPageTest" time="21.278" errors="0" timestamp="2025-05-29T23:17:27 IST" skipped="0">
  <testcase classname="com.ecommerce.testcases.ProductsPageTest" name="verifyAllProductsAndProductDetailPage" time="21.278"/>
</testsuite> <!-- com.ecommerce.testcases.ProductsPageTest -->
