<?xml version="1.0" encoding="UTF-8"?>
<!-- Generated by org.testng.reporters.JUnitReportReporter -->
<testsuite hostname="Debopriyos-MacBook-Air.local" failures="0" tests="2" name="com.ecommerce.testcases.CartTest" time="52.524" errors="0" timestamp="2025-07-27T01:06:49 IST" skipped="0">
  <testcase classname="com.ecommerce.testcases.CartTest" name="addMultipleProductsToCartTest" time="26.047"/>
  <testcase classname="com.ecommerce.testcases.CartTest" name="verifyProductQuantityInCartTest" time="26.477"/>
</testsuite> <!-- com.ecommerce.testcases.CartTest -->
