<?xml version="1.0" encoding="UTF-8"?>
<!-- Generated by org.testng.reporters.JUnitReportReporter -->
<testsuite hostname="Debopriyos-MacBook-Air.local" failures="0" tests="3" name="com.ecommerce.testcases.LoginPageTest" time="51.727" errors="0" timestamp="2025-05-04T23:02:38 IST" skipped="0">
  <testcase classname="com.ecommerce.testcases.LoginPageTest" name="verifyLogin" time="20.461"/>
  <testcase classname="com.ecommerce.testcases.LoginPageTest" name="verifyLogin" time="14.946"/>
  <testcase classname="com.ecommerce.testcases.LoginPageTest" name="verifyLogin" time="16.320"/>
</testsuite> <!-- com.ecommerce.testcases.LoginPageTest -->
