<?xml version="1.0" encoding="UTF-8"?>
<!-- Generated by org.testng.reporters.JUnitReportReporter -->
<testsuite hostname="Debopriyos-MacBook-Air.local" failures="0" tests="2" name="com.ecommerce.testcases.LoginPageTest" time="66.548" errors="0" timestamp="2025-07-27T01:06:49 IST" skipped="0">
  <testcase classname="com.ecommerce.testcases.LoginPageTest" name="verifyInvalidLogin" time="13.818"/>
  <testcase classname="com.ecommerce.testcases.LoginPageTest" name="verifyLogin" time="52.730"/>
</testsuite> <!-- com.ecommerce.testcases.LoginPageTest -->
