<?xml version="1.0" encoding="UTF-8"?>
<!-- Generated by org.testng.reporters.JUnitReportReporter -->
<testsuite hostname="Debopriyos-MacBook-Air.local" failures="0" tests="3" name="com.ecommerce.testcases.LoginPageTest" time="159.839" errors="0" timestamp="2025-05-01T22:47:51 IST" skipped="0">
  <testcase classname="com.ecommerce.testcases.LoginPageTest" name="verifyLogin" time="47.017"/>
  <testcase classname="com.ecommerce.testcases.LoginPageTest" name="verifyLogin" time="52.877"/>
  <testcase classname="com.ecommerce.testcases.LoginPageTest" name="verifyLogin" time="59.945"/>
</testsuite> <!-- com.ecommerce.testcases.LoginPageTest -->
