<?xml version="1.0" encoding="UTF-8"?>
<!-- Generated by org.testng.reporters.JUnitReportReporter -->
<testsuite hostname="Debopriyos-MacBook-Air.local" failures="0" tests="2" name="com.ecommerce.testcases.CheckoutTest" time="435.063" errors="0" timestamp="2025-07-28T00:43:41 IST" skipped="0">
  <testcase classname="com.ecommerce.testcases.CheckoutTest" name="placeOrderWithRegistration" time="370.009"/>
  <testcase classname="com.ecommerce.testcases.CheckoutTest" name="checkoutAfterLogin" time="65.054"/>
</testsuite> <!-- com.ecommerce.testcases.CheckoutTest -->
