<?xml version="1.0" encoding="UTF-8"?>
<!-- Generated by org.testng.reporters.JUnitReportReporter -->
<testsuite hostname="Debopriyos-MacBook-Air.local" failures="0" tests="1" name="com.ecommerce.testcases.ProductsPageTest" time="319.920" errors="0" timestamp="2025-06-05T00:44:42 IST" skipped="0">
  <testcase classname="com.ecommerce.testcases.ProductsPageTest" name="verifyAllProductsAndProductDetailPage" time="319.920"/>
</testsuite> <!-- com.ecommerce.testcases.ProductsPageTest -->
