<?xml version="1.0" encoding="UTF-8"?>
<!-- Generated by org.testng.reporters.JUnitReportReporter -->
<testsuite hostname="Debopriyos-MacBook-Air.local" failures="0" tests="2" name="com.ecommerce.testcases.CartTest" time="39.981" errors="0" timestamp="2025-06-05T00:44:42 IST" skipped="0">
  <testcase classname="com.ecommerce.testcases.CartTest" name="addMultipleProductsToCartTest" time="20.776"/>
  <testcase classname="com.ecommerce.testcases.CartTest" name="verifyProductQuantityInCartTest" time="19.205"/>
</testsuite> <!-- com.ecommerce.testcases.CartTest -->
