<?xml version="1.0" encoding="UTF-8"?>
<!-- Generated by org.testng.reporters.JUnitReportReporter -->
<testsuite hostname="Debopriyos-MacBook-Air.local" failures="0" tests="3" name="com.ecommerce.testcases.ProductsPageTest" time="44.909" errors="0" timestamp="2025-05-04T23:02:38 IST" skipped="0">
  <testcase classname="com.ecommerce.testcases.ProductsPageTest" name="verifyAllProductsAndProductDetailPage" time="12.751"/>
  <testcase classname="com.ecommerce.testcases.ProductsPageTest" name="verifyAllProductsAndProductDetailPage" time="13.348"/>
  <testcase classname="com.ecommerce.testcases.ProductsPageTest" name="verifyAllProductsAndProductDetailPage" time="18.810"/>
</testsuite> <!-- com.ecommerce.testcases.ProductsPageTest -->
