<?xml version="1.0" encoding="UTF-8"?>
<!-- Generated by org.testng.reporters.JUnitReportReporter -->
<testsuite hostname="Debopriyos-MacBook-Air.local" failures="0" tests="1" name="com.ecommerce.testcases.LoginPageTest" time="40.728" errors="0" timestamp="2025-06-05T00:44:42 IST" skipped="0">
  <testcase classname="com.ecommerce.testcases.LoginPageTest" name="verifyLogin" time="40.728"/>
</testsuite> <!-- com.ecommerce.testcases.LoginPageTest -->
