<?xml version="1.0" encoding="UTF-8"?>
<!-- Generated by org.testng.reporters.JUnitReportReporter -->
<testsuite hostname="Debopriyos-MacBook-Air.local" failures="0" tests="3" name="com.ecommerce.testcases.CartTest" time="118.447" errors="0" timestamp="2025-07-28T00:43:41 IST" skipped="0">
  <testcase classname="com.ecommerce.testcases.CartTest" name="verifyProductQuantityInCartTest" time="21.874"/>
  <testcase classname="com.ecommerce.testcases.CartTest" name="addMultipleProductsToCartTest" time="27.192"/>
  <testcase classname="com.ecommerce.testcases.CartTest" name="removeProductFromCartTest" time="69.381"/>
</testsuite> <!-- com.ecommerce.testcases.CartTest -->
