<?xml version="1.0" encoding="UTF-8"?>
<!-- Generated by org.testng.reporters.JUnitReportReporter -->
<testsuite hostname="Debopriyos-MacBook-Air.local" failures="0" tests="1" name="com.ecommerce.testcases.RegisterUserTest" time="59.349" errors="0" timestamp="2025-05-29T23:17:27 IST" skipped="0">
  <testcase classname="com.ecommerce.testcases.RegisterUserTest" name="registerUser" time="59.349"/>
</testsuite> <!-- com.ecommerce.testcases.RegisterUserTest -->
