<?xml version="1.0" encoding="UTF-8"?>
<!-- Generated by org.testng.reporters.JUnitReportReporter -->
<testsuite hostname="Debopriyos-MacBook-Air.local" failures="0" tests="1" name="com.ecommerce.testcases.ProductsPageTest" time="29.711" errors="0" timestamp="2025-07-28T00:43:41 IST" skipped="0">
  <testcase classname="com.ecommerce.testcases.ProductsPageTest" name="verifyAllProductsAndProductDetailPage" time="29.711"/>
</testsuite> <!-- com.ecommerce.testcases.ProductsPageTest -->
