<?xml version="1.0" encoding="UTF-8"?>
<!-- Generated by org.testng.reporters.JUnitReportReporter -->
<testsuite hostname="Debopriyos-MacBook-Air.local" failures="0" tests="1" name="com.ecommerce.testcases.SearchProductTest" time="27.056" errors="0" timestamp="2025-05-29T23:17:27 IST" skipped="0">
  <testcase classname="com.ecommerce.testcases.SearchProductTest" name="searchMultipleProductsTest" time="27.056"/>
</testsuite> <!-- com.ecommerce.testcases.SearchProductTest -->
