<?xml version="1.0" encoding="UTF-8"?>
<!-- Generated by org.testng.reporters.JUnitReportReporter -->
<testsuite hostname="Debopriyos-MacBook-Air.local" failures="0" tests="1" name="com.ecommerce.testcases.RegisterUserTest" time="65.772" errors="0" timestamp="2025-06-05T00:44:42 IST" skipped="0">
  <testcase classname="com.ecommerce.testcases.RegisterUserTest" name="registerUser" time="65.772"/>
</testsuite> <!-- com.ecommerce.testcases.RegisterUserTest -->
