<?xml version="1.0" encoding="UTF-8"?>
<!-- Generated by org.testng.reporters.JUnitReportReporter -->
<testsuite hostname="Debopriyos-MacBook-Air.local" failures="0" tests="1" name="com.ecommerce.testcases.RegisterUserTest" time="108.267" errors="0" timestamp="2025-05-01T22:47:51 IST" skipped="0">
  <testcase classname="com.ecommerce.testcases.RegisterUserTest" name="registerUser" time="108.267"/>
</testsuite> <!-- com.ecommerce.testcases.RegisterUserTest -->
