<?xml version="1.0" encoding="UTF-8"?>
<!-- Generated by org.testng.reporters.JUnitReportReporter -->
<testsuite hostname="Debopriyos-MacBook-Air.local" failures="0" tests="1" name="com.ecommerce.testcases.SearchProductTest" time="56.287" errors="0" timestamp="2025-07-27T01:06:49 IST" skipped="0">
  <testcase classname="com.ecommerce.testcases.SearchProductTest" name="searchMultipleProductsTest" time="56.287"/>
</testsuite> <!-- com.ecommerce.testcases.SearchProductTest -->
